<?xml version="1.0" encoding="utf-8"?><testsuites name="pytest tests"><testsuite name="pytest" errors="0" failures="0" skipped="0" tests="15" time="5.263" timestamp="2026-04-08T10:06:34.198487+00:00" hostname="agent-env-a095d487-711b-4517-b2f7-82c2a9ff5bc7"><testcase classname="backend.tests.test_fase2_features.TestAuth" name="test_login_success" time="0.469" /><testcase classname="backend.tests.test_fase2_features.TestCommandCenter" name="test_command_center_endpoint" time="0.492" /><testcase classname="backend.tests.test_fase2_features.TestCommandCenter" name="test_bloqueos_cliente_structure" time="0.110" /><testcase classname="backend.tests.test_fase2_features.TestCommandCenter" name="test_bloqueos_proveedor_structure" time="0.142" /><testcase classname="backend.tests.test_fase2_features.TestCommandCenter" name="test_archivos_pendientes_structure" time="0.162" /><testcase classname="backend.tests.test_fase2_features.TestFilesEndpoint" name="test_get_files" time="0.297" /><testcase classname="backend.tests.test_fase2_features.TestFilesEndpoint" name="test_create_file_with_new_fields" time="0.117" /><testcase classname="backend.tests.test_fase2_features.TestFilesEndpoint" name="test_update_file_status" time="0.320" /><testcase classname="backend.tests.test_fase2_features.TestFilesEndpoint" name="test_update_file_to_final" time="0.398" /><testcase classname="backend.tests.test_fase2_features.TestAutomationsEndpoint" name="test_run_followups_endpoint" time="0.106" /><testcase classname="backend.tests.test_fase2_features.TestTasksNewFields" name="test_create_task_with_new_fields" time="0.225" /><testcase classname="backend.tests.test_fase2_features.TestTasksNewFields" name="test_get_tasks_returns_new_fields" time="0.101" /><testcase classname="backend.tests.test_fase2_features.TestEventTabs" name="test_get_event_data" time="1.279" /><testcase classname="backend.tests.test_fase2_features.TestFileCategories" name="test_file_categories" time="0.684" /><testcase classname="backend.tests.test_fase2_features.TestCleanup" name="test_cleanup_test_files" time="0.278" /></testsuite></testsuites>