<?xml version="1.0" encoding="utf-8"?><testsuites name="pytest tests"><testsuite name="pytest" errors="0" failures="0" skipped="0" tests="15" time="3.622" timestamp="2026-03-25T20:30:21.011079+00:00" hostname="agent-env-a095d487-711b-4517-b2f7-82c2a9ff5bc7"><testcase classname="backend.tests.test_fase1_features.TestLogin" name="test_login_success" time="0.501" /><testcase classname="backend.tests.test_fase1_features.TestCommandCenter" name="test_command_center_endpoint_exists" time="0.479" /><testcase classname="backend.tests.test_fase1_features.TestCommandCenter" name="test_command_center_returns_hoy_section" time="0.130" /><testcase classname="backend.tests.test_fase1_features.TestCommandCenter" name="test_command_center_returns_bloqueos_section" time="0.147" /><testcase classname="backend.tests.test_fase1_features.TestCommandCenter" name="test_command_center_returns_aprobaciones_section" time="0.110" /><testcase classname="backend.tests.test_fase1_features.TestCommandCenter" name="test_command_center_returns_pagos_revisar_section" time="0.225" /><testcase classname="backend.tests.test_fase1_features.TestCommandCenter" name="test_command_center_returns_que_hago_hoy_section" time="0.149" /><testcase classname="backend.tests.test_fase1_features.TestCommandCenter" name="test_command_center_tasks_have_priority" time="0.122" /><testcase classname="backend.tests.test_fase1_features.TestCommandCenter" name="test_command_center_tasks_have_event_title" time="0.154" /><testcase classname="backend.tests.test_fase1_features.TestTaskStatuses" name="test_get_tasks_returns_normalized_status" time="0.250" /><testcase classname="backend.tests.test_fase1_features.TestTaskStatuses" name="test_tasks_have_auto_priority" time="0.233" /><testcase classname="backend.tests.test_fase1_features.TestTaskStatuses" name="test_update_task_status" time="0.538" /><testcase classname="backend.tests.test_fase1_features.TestPriorityCalculation" name="test_overdue_tasks_have_alta_priority" time="0.126" /><testcase classname="backend.tests.test_fase1_features.TestPriorityCalculation" name="test_completed_tasks_have_baja_priority" time="0.265" /><testcase classname="backend.tests.test_fase1_features.TestEvents" name="test_get_events" time="0.120" /></testsuite></testsuites>