<?xml version="1.0" encoding="utf-8"?><testsuites name="pytest tests"><testsuite name="pytest" errors="0" failures="0" skipped="0" tests="11" time="2.716" timestamp="2026-03-04T18:09:41.461834+00:00" hostname="agent-env-a095d487-711b-4517-b2f7-82c2a9ff5bc7"><testcase classname="backend.tests.test_phase2_features.TestAuth" name="test_login_success" time="0.430" /><testcase classname="backend.tests.test_phase2_features.TestAuth" name="test_login_invalid_credentials" time="0.190" /><testcase classname="backend.tests.test_phase2_features.TestDashboardStats" name="test_dashboard_stats_endpoint" time="0.455" /><testcase classname="backend.tests.test_phase2_features.TestDashboardStats" name="test_dashboard_stats_data_types" time="0.119" /><testcase classname="backend.tests.test_phase2_features.TestReminders" name="test_reminders_endpoint" time="0.121" /><testcase classname="backend.tests.test_phase2_features.TestReminders" name="test_reminder_structure" time="0.133" /><testcase classname="backend.tests.test_phase2_features.TestEvents" name="test_get_events_list" time="0.156" /><testcase classname="backend.tests.test_phase2_features.TestEvents" name="test_get_event_detail" time="0.227" /><testcase classname="backend.tests.test_phase2_features.TestTasks" name="test_get_event_tasks" time="0.280" /><testcase classname="backend.tests.test_phase2_features.TestEventStats" name="test_get_event_stats" time="0.238" /><testcase classname="backend.tests.test_phase2_features.TestSuppliers" name="test_get_event_suppliers" time="0.297" /></testsuite></testsuites>