<?xml version="1.0" encoding="utf-8"?><testsuites name="pytest tests"><testsuite name="pytest" errors="0" failures="0" skipped="0" tests="11" time="1.867" timestamp="2026-04-14T17:49:46.027012+00:00" hostname="agent-env-a095d487-711b-4517-b2f7-82c2a9ff5bc7"><testcase classname="backend.tests.test_phase3_auto_tasks.TestPhase3Authentication" name="test_login_success" time="0.426" /><testcase classname="backend.tests.test_phase3_auto_tasks.TestPhase3EventServices" name="test_event_has_all_services" time="0.614" /><testcase classname="backend.tests.test_phase3_auto_tasks.TestPhase3EventServices" name="test_event_has_dates" time="0.052" /><testcase classname="backend.tests.test_phase3_auto_tasks.TestPhase3GenerateTasks" name="test_generate_tasks_endpoint" time="0.058" /><testcase classname="backend.tests.test_phase3_auto_tasks.TestPhase3GenerateTasks" name="test_generate_tasks_preserves_manual" time="0.188" /><testcase classname="backend.tests.test_phase3_auto_tasks.TestPhase3RecalculateDates" name="test_recalculate_dates_endpoint" time="0.093" /><testcase classname="backend.tests.test_phase3_auto_tasks.TestPhase3TaskFields" name="test_tasks_have_phase3_fields" time="0.059" /><testcase classname="backend.tests.test_phase3_auto_tasks.TestPhase3TaskFields" name="test_tasks_grouped_by_service" time="0.064" /><testcase classname="backend.tests.test_phase3_auto_tasks.TestPhase3TaskFields" name="test_manual_tasks_have_origen_manual" time="0.061" /><testcase classname="backend.tests.test_phase3_auto_tasks.TestPhase3TaskDueDates" name="test_due_dates_within_event_range" time="0.113" /><testcase classname="backend.tests.test_phase3_auto_tasks.TestPhase3TotalTaskCount" name="test_total_tasks_count" time="0.067" /></testsuite></testsuites>